2014-Nov-22 08:37:43:158 [main] INFO  vn.edu.hust.student.dynamicpool.dal.controller.HostMainController  - Reading config file from path conf/server.xml
2014-Nov-22 08:37:43:486 [main] DEBUG Main  - Puppet Server Started Successfully
2014-Nov-22 08:38:30:974 [main] INFO  vn.edu.hust.student.dynamicpool.dal.controller.HostMainController  - Reading config file from path conf/server.xml
2014-Nov-22 08:38:31:208 [main] DEBUG Main  - Puppet Server Started Successfully
2014-Nov-22 08:39:29:177 [main] DEBUG Main  - Starting Puppet Server.........
2014-Nov-22 08:39:29:193 [main] INFO  vn.edu.hust.student.dynamicpool.dal.controller.HostMainController  - Reading config file from path conf/server.xml
2014-Nov-22 08:39:29:427 [main] DEBUG Main  - Puppet Server Started Successfully
2014-Nov-22 08:40:13:049 [main] DEBUG Main  - Starting Puppet Server.........
2014-Nov-22 08:40:13:064 [main] INFO  vn.edu.hust.student.dynamicpool.dal.controller.HostMainController  - Reading config file from path conf/server.xml
2014-Nov-22 08:40:13:283 [main] DEBUG Main  - Puppet Server Started Successfully
2014-Nov-22 08:41:39:963 [main] INFO  vn.edu.hust.student.dynamicpool.dal.controller.HostMainController  - Reading config file from path conf/server.xml
2014-Nov-22 08:41:40:182 [main] DEBUG Main  - Puppet Server Started Successfully
2014-Nov-22 08:41:58:045 [main] INFO  vn.edu.hust.student.dynamicpool.dal.controller.HostMainController  - Reading config file from path conf/server.xml
2014-Nov-22 08:41:58:264 [main] DEBUG Main  - Puppet Server Started Successfully
2014-Nov-22 08:44:29:820 [main] INFO  vn.edu.hust.student.dynamicpool.dal.controller.HostMainController  - Reading config file from path conf/server.xml
2014-Nov-22 08:44:30:039 [main] DEBUG vn.edu.hust.student.dynamicpool.dal.controller.HostMainController  - Starting Puppet Server.........
2014-Nov-22 08:44:30:070 [main] DEBUG vn.edu.hust.student.dynamicpool.dal.controller.HostMainController  - Puppet Server Started Successfully
2014-Nov-22 09:04:09:585 [main] INFO  vn.edu.hust.student.dynamicpool.dal.controller.HostMainController  - Reading config file from path conf/server.xml
2014-Nov-22 09:04:09:804 [main] DEBUG vn.edu.hust.student.dynamicpool.dal.controller.HostMainController  - Starting Puppet Server.........
2014-Nov-22 09:04:09:819 [main] DEBUG vn.edu.hust.student.dynamicpool.dal.controller.HostMainController  - Puppet Server Started Successfully
2014-Nov-22 09:04:11:103 [main] INFO  vn.edu.hust.student.dynamicpool.dal.client.socket.SocketClientController  - Socket Client Start Sucessfully
2014-Nov-22 09:06:16:971 [NioProcessor-2] INFO  org.apache.mina.filter.logging.LoggingFilter  - CREATED
2014-Nov-22 09:06:16:971 [NioProcessor-2] INFO  org.apache.mina.filter.logging.LoggingFilter  - OPENED
2014-Nov-22 09:06:27:117 [NioProcessor-2] INFO  org.apache.mina.filter.logging.LoggingFilter  - IDLE
2014-Nov-22 09:06:37:182 [NioProcessor-2] INFO  org.apache.mina.filter.logging.LoggingFilter  - IDLE
2014-Nov-22 09:06:47:200 [NioProcessor-2] INFO  org.apache.mina.filter.logging.LoggingFilter  - IDLE
2014-Nov-22 09:06:57:218 [NioProcessor-2] INFO  org.apache.mina.filter.logging.LoggingFilter  - IDLE
2014-Nov-22 09:07:07:239 [NioProcessor-2] INFO  org.apache.mina.filter.logging.LoggingFilter  - IDLE
2014-Nov-22 09:07:17:293 [NioProcessor-2] INFO  org.apache.mina.filter.logging.LoggingFilter  - IDLE
2014-Nov-22 09:07:27:296 [NioProcessor-2] INFO  org.apache.mina.filter.logging.LoggingFilter  - IDLE
2014-Nov-22 09:07:37:345 [NioProcessor-2] INFO  org.apache.mina.filter.logging.LoggingFilter  - IDLE
2014-Nov-22 09:07:47:402 [NioProcessor-2] INFO  org.apache.mina.filter.logging.LoggingFilter  - IDLE
2014-Nov-22 09:07:57:464 [NioProcessor-2] INFO  org.apache.mina.filter.logging.LoggingFilter  - IDLE
2014-Nov-22 09:08:07:523 [NioProcessor-2] INFO  org.apache.mina.filter.logging.LoggingFilter  - IDLE
2014-Nov-22 09:08:17:619 [NioProcessor-2] INFO  org.apache.mina.filter.logging.LoggingFilter  - IDLE
2014-Nov-22 09:08:19:826 [NioProcessor-2] WARN  org.apache.mina.filter.logging.LoggingFilter  - EXCEPTION :
java.io.IOException: An existing connection was forcibly closed by the remote host
	at sun.nio.ch.SocketDispatcher.read0(Native Method)
	at sun.nio.ch.SocketDispatcher.read(Unknown Source)
	at sun.nio.ch.IOUtil.readIntoNativeBuffer(Unknown Source)
	at sun.nio.ch.IOUtil.read(Unknown Source)
	at sun.nio.ch.SocketChannelImpl.read(Unknown Source)
	at org.apache.mina.transport.socket.nio.NioProcessor.read(NioProcessor.java:273)
	at org.apache.mina.transport.socket.nio.NioProcessor.read(NioProcessor.java:44)
	at org.apache.mina.core.polling.AbstractPollingIoProcessor.read(AbstractPollingIoProcessor.java:690)
	at org.apache.mina.core.polling.AbstractPollingIoProcessor.process(AbstractPollingIoProcessor.java:664)
	at org.apache.mina.core.polling.AbstractPollingIoProcessor.process(AbstractPollingIoProcessor.java:653)
	at org.apache.mina.core.polling.AbstractPollingIoProcessor.access$600(AbstractPollingIoProcessor.java:67)
	at org.apache.mina.core.polling.AbstractPollingIoProcessor$Processor.run(AbstractPollingIoProcessor.java:1124)
	at org.apache.mina.util.NamePreservingRunnable.run(NamePreservingRunnable.java:64)
	at java.util.concurrent.ThreadPoolExecutor.runWorker(Unknown Source)
	at java.util.concurrent.ThreadPoolExecutor$Worker.run(Unknown Source)
	at java.lang.Thread.run(Unknown Source)
2014-Nov-22 09:08:19:977 [NioProcessor-2] INFO  org.apache.mina.filter.logging.LoggingFilter  - CLOSED
