2014-Nov-22 20:25:08:345 [LWJGL Application] INFO  vn.edu.hust.student.dynamicpool.dal.controller.HostMainController  - Reading config file from path conf/server.xml
2014-Nov-22 20:25:08:783 [LWJGL Application] ERROR vn.edu.hust.student.dynamicpool.dal.controller.HostMainController  - Cannot start Main controller: 
java.lang.IndexOutOfBoundsException: Index: 0, Size: 0
	at java.util.ArrayList.rangeCheck(Unknown Source)
	at java.util.ArrayList.get(Unknown Source)
	at vn.edu.hust.student.dynamicpool.dal.controller.HostMainController.<init>(HostMainController.java:63)
	at vn.edu.hust.student.dynamicpool.dal.controller.HostMainController.getInstance(HostMainController.java:30)
	at vn.edu.hust.student.dynamicpool.dal.HostDataAccessLayerImpl.createHost(HostDataAccessLayerImpl.java:28)
	at vn.edu.hust.student.dynamicpool.dal.server.logic.BusinessLogicLayerServerImpl.createHost(BusinessLogicLayerServerImpl.java:20)
	at vn.edu.hust.student.dynamicpool.presentation.WorldController.createHost(WorldController.java:129)
	at vn.edu.hust.student.dynamicpool.presentation.screen.MainMenuScreen.createHostClickHander(MainMenuScreen.java:78)
	at vn.edu.hust.student.dynamicpool.presentation.screen.MainMenuScreen$1.clicked(MainMenuScreen.java:72)
	at com.badlogic.gdx.scenes.scene2d.utils.ClickListener.touchUp(ClickListener.java:89)
	at com.badlogic.gdx.scenes.scene2d.InputListener.handle(InputListener.java:57)
	at com.badlogic.gdx.scenes.scene2d.Stage.touchUp(Stage.java:346)
	at com.badlogic.gdx.backends.lwjgl.LwjglInput.processEvents(LwjglInput.java:326)
	at com.badlogic.gdx.backends.lwjgl.LwjglApplication.mainLoop(LwjglApplication.java:199)
	at com.badlogic.gdx.backends.lwjgl.LwjglApplication$1.run(LwjglApplication.java:114)
2014-Nov-22 20:25:09:465 [LWJGL Application] DEBUG vn.edu.hust.student.dynamicpool.dal.client.http.HttpClient  - Sending 'GET' request to URL : http://104.131.13.155:8990/dp_reghost?port=0&iplan=192.168.0.15
2014-Nov-22 20:25:09:479 [LWJGL Application] DEBUG vn.edu.hust.student.dynamicpool.dal.client.http.HttpClient  - HTTP RESPONSE: 200 - {"error":null,"key":"0778","ip":"101.99.7.249"}
2014-Nov-22 20:25:09:799 [LWJGL Application] INFO  vn.edu.hust.student.dynamicpool.dal.client.socket.SocketClientController  - Socket Client Start Sucessfully
2014-Nov-22 20:25:09:806 [LWJGL Application] DEBUG vn.edu.hust.student.dynamicpool.dal.controller.HostMainController  - Starting Puppet Server.........
2014-Nov-22 20:28:19:976 [LWJGL Application] INFO  vn.edu.hust.student.dynamicpool.dal.controller.HostMainController  - Reading config file from path conf/server.xml
2014-Nov-22 20:28:20:118 [LWJGL Application] ERROR vn.edu.hust.student.dynamicpool.dal.controller.HostMainController  - Cannot start Main controller: 
java.lang.IndexOutOfBoundsException: Index: 0, Size: 0
	at java.util.ArrayList.rangeCheck(Unknown Source)
	at java.util.ArrayList.get(Unknown Source)
	at vn.edu.hust.student.dynamicpool.dal.controller.HostMainController.<init>(HostMainController.java:63)
	at vn.edu.hust.student.dynamicpool.dal.controller.HostMainController.getInstance(HostMainController.java:30)
	at vn.edu.hust.student.dynamicpool.dal.HostDataAccessLayerImpl.createHost(HostDataAccessLayerImpl.java:28)
	at vn.edu.hust.student.dynamicpool.dal.server.logic.BusinessLogicLayerServerImpl.createHost(BusinessLogicLayerServerImpl.java:20)
	at vn.edu.hust.student.dynamicpool.presentation.WorldController.createHost(WorldController.java:129)
	at vn.edu.hust.student.dynamicpool.presentation.screen.MainMenuScreen.createHostClickHander(MainMenuScreen.java:78)
	at vn.edu.hust.student.dynamicpool.presentation.screen.MainMenuScreen$1.clicked(MainMenuScreen.java:72)
	at com.badlogic.gdx.scenes.scene2d.utils.ClickListener.touchUp(ClickListener.java:89)
	at com.badlogic.gdx.scenes.scene2d.InputListener.handle(InputListener.java:57)
	at com.badlogic.gdx.scenes.scene2d.Stage.touchUp(Stage.java:346)
	at com.badlogic.gdx.backends.lwjgl.LwjglInput.processEvents(LwjglInput.java:326)
	at com.badlogic.gdx.backends.lwjgl.LwjglApplication.mainLoop(LwjglApplication.java:199)
	at com.badlogic.gdx.backends.lwjgl.LwjglApplication$1.run(LwjglApplication.java:114)
2014-Nov-22 20:28:20:842 [LWJGL Application] DEBUG vn.edu.hust.student.dynamicpool.dal.client.http.HttpClient  - Sending 'GET' request to URL : http://104.131.13.155:8990/dp_reghost?port=0&iplan=192.168.0.15
2014-Nov-22 20:28:20:851 [LWJGL Application] DEBUG vn.edu.hust.student.dynamicpool.dal.client.http.HttpClient  - HTTP RESPONSE: 200 - {"error":null,"key":"6747","ip":"101.99.7.249"}
2014-Nov-22 20:28:21:171 [LWJGL Application] INFO  vn.edu.hust.student.dynamicpool.dal.client.socket.SocketClientController  - Socket Client Start Sucessfully
2014-Nov-22 20:28:21:173 [LWJGL Application] DEBUG vn.edu.hust.student.dynamicpool.dal.controller.HostMainController  - Starting Puppet Server.........
2014-Nov-22 20:29:09:189 [LWJGL Application] INFO  vn.edu.hust.student.dynamicpool.dal.controller.HostMainController  - Reading config file from path conf/server.xml
2014-Nov-22 20:29:09:329 [LWJGL Application] ERROR vn.edu.hust.student.dynamicpool.dal.controller.HostMainController  - Cannot start Main controller: 
java.lang.IndexOutOfBoundsException: Index: 0, Size: 0
	at java.util.ArrayList.rangeCheck(Unknown Source)
	at java.util.ArrayList.get(Unknown Source)
	at vn.edu.hust.student.dynamicpool.dal.controller.HostMainController.<init>(HostMainController.java:63)
	at vn.edu.hust.student.dynamicpool.dal.controller.HostMainController.getInstance(HostMainController.java:30)
	at vn.edu.hust.student.dynamicpool.dal.HostDataAccessLayerImpl.createHost(HostDataAccessLayerImpl.java:28)
	at vn.edu.hust.student.dynamicpool.dal.server.logic.BusinessLogicLayerServerImpl.createHost(BusinessLogicLayerServerImpl.java:20)
	at vn.edu.hust.student.dynamicpool.presentation.WorldController.createHost(WorldController.java:129)
	at vn.edu.hust.student.dynamicpool.presentation.screen.MainMenuScreen.createHostClickHander(MainMenuScreen.java:78)
	at vn.edu.hust.student.dynamicpool.presentation.screen.MainMenuScreen$1.clicked(MainMenuScreen.java:72)
	at com.badlogic.gdx.scenes.scene2d.utils.ClickListener.touchUp(ClickListener.java:89)
	at com.badlogic.gdx.scenes.scene2d.InputListener.handle(InputListener.java:57)
	at com.badlogic.gdx.scenes.scene2d.Stage.touchUp(Stage.java:346)
	at com.badlogic.gdx.backends.lwjgl.LwjglInput.processEvents(LwjglInput.java:326)
	at com.badlogic.gdx.backends.lwjgl.LwjglApplication.mainLoop(LwjglApplication.java:199)
	at com.badlogic.gdx.backends.lwjgl.LwjglApplication$1.run(LwjglApplication.java:114)
2014-Nov-22 20:29:09:988 [LWJGL Application] DEBUG vn.edu.hust.student.dynamicpool.dal.client.http.HttpClient  - Sending 'GET' request to URL : http://104.131.13.155:8990/dp_reghost?port=0&iplan=192.168.0.15
2014-Nov-22 20:29:10:004 [LWJGL Application] DEBUG vn.edu.hust.student.dynamicpool.dal.client.http.HttpClient  - HTTP RESPONSE: 200 - {"error":null,"key":"8537","ip":"101.99.7.249"}
2014-Nov-22 20:29:10:319 [LWJGL Application] INFO  vn.edu.hust.student.dynamicpool.dal.client.socket.SocketClientController  - Socket Client Start Sucessfully
2014-Nov-22 20:29:10:320 [LWJGL Application] DEBUG vn.edu.hust.student.dynamicpool.dal.controller.HostMainController  - Starting Puppet Server.........
2014-Nov-22 20:31:44:694 [LWJGL Application] INFO  vn.edu.hust.student.dynamicpool.dal.controller.HostMainController  - Reading config file from path conf/server.xml
2014-Nov-22 20:31:45:793 [LWJGL Application] DEBUG vn.edu.hust.student.dynamicpool.dal.client.http.HttpClient  - Sending 'GET' request to URL : http://104.131.13.155:8990/dp_reghost?port=9696&iplan=192.168.0.15
2014-Nov-22 20:31:45:799 [LWJGL Application] DEBUG vn.edu.hust.student.dynamicpool.dal.client.http.HttpClient  - HTTP RESPONSE: 200 - {"error":null,"key":"4243","ip":"101.99.7.249"}
2014-Nov-22 20:31:46:133 [LWJGL Application] INFO  vn.edu.hust.student.dynamicpool.dal.client.socket.SocketClientController  - Socket Client Start Sucessfully
2014-Nov-22 20:31:46:135 [LWJGL Application] DEBUG vn.edu.hust.student.dynamicpool.dal.controller.HostMainController  - Starting Puppet Server.........
2014-Nov-22 20:31:46:226 [LWJGL Application] DEBUG vn.edu.hust.student.dynamicpool.dal.controller.HostMainController  - Puppet Server Started Successfully
